<?xml version="1.0" encoding="UTF-8"?>
<!-- Generated by org.testng.reporters.JUnitReportReporter -->
<testsuite hostname="IN-NOI-LAKSHIT1" failures="0" tests="3" name="testcases.LoginTest" time="92.816" errors="0" timestamp="23 Apr 2023 07:29:30 GMT" skipped="0">
  <testcase classname="testcases.LoginTest" name="test4" time="26.200"/>
  <testcase classname="testcases.LoginTest" name="test1" time="36.431"/>
  <testcase classname="testcases.LoginTest" name="test2" time="30.185"/>
</testsuite> <!-- testcases.LoginTest -->
