<?xml version="1.0" encoding="UTF-8"?>
<!-- Generated by org.testng.reporters.JUnitReportReporter -->
<testsuite hostname="IN-NOI-LAKSHIT1" failures="0" tests="3" name="testcases.LoginTest" time="49.093" errors="0" timestamp="29 Apr 2023 06:55:56 GMT" skipped="0">
  <testcase classname="testcases.LoginTest" name="test4" time="11.133"/>
  <testcase classname="testcases.LoginTest" name="test2" time="19.756"/>
  <testcase classname="testcases.LoginTest" name="test1" time="18.204"/>
</testsuite> <!-- testcases.LoginTest -->
